2024-07-23 16:21:05,126 [Worker-6: Loading available Gradle versions] INFO  o.e.b.c.i.u.g.PublishedGradleVersions - Gradle version information cache is up-to-date. Trying to read.
2024-07-23 16:23:56,603 [Worker-2: Import Getting Started Content] INFO  o.e.m.c.i.l.LifecycleMappingFactory - Using org.eclipse.m2e.jdt.JarLifecycleMapping lifecycle mapping for MavenProject: com.ihub.www:SpringBootProject:0.0.1-SNAPSHOT @ E:\Java Project\Springboot-workspace\SpringBootProject\SpringBootProject\pom.xml.
2024-07-23 16:24:09,173 [Worker-2: Import Getting Started Content] INFO  o.e.m.j.i.AbstractJavaProjectConfigurator - Adding source folder /SpringBootProject/src/main/java
2024-07-23 16:24:09,176 [Worker-2: Import Getting Started Content] INFO  o.e.m.j.i.AbstractJavaProjectConfigurator - Adding resource folder /SpringBootProject/src/main/resources
2024-07-23 16:24:09,190 [Worker-2: Import Getting Started Content] INFO  o.e.m.j.i.AbstractJavaProjectConfigurator - Adding resource folder /SpringBootProject/src/main/resources
2024-07-23 16:24:09,200 [Worker-2: Import Getting Started Content] INFO  o.e.m.j.i.AbstractJavaProjectConfigurator - Adding source folder /SpringBootProject/src/test/java
2024-07-23 16:24:09,201 [Worker-2: Import Getting Started Content] INFO  o.e.m.j.i.AbstractJavaProjectConfigurator - Adding resource folder /SpringBootProject/src/test/resources
2024-07-23 16:24:10,205 [Worker-2: Import Getting Started Content] INFO  o.e.m.c.i.p.ProjectConfigurationManager - Imported and configured 1 project(s) in 25 sec
2024-07-23 16:24:10,209 [Worker-2: Import Getting Started Content] INFO  o.e.m.c.i.p.ProjectConfigurationManager - Update started
2024-07-23 16:24:10,634 [Worker-2: Import Getting Started Content] INFO  o.e.m.c.i.l.LifecycleMappingFactory - Using org.eclipse.m2e.jdt.JarLifecycleMapping lifecycle mapping for MavenProject: com.ihub.www:SpringBootProject:0.0.1-SNAPSHOT @ E:\Java Project\Springboot-workspace\SpringBootProject\SpringBootProject\pom.xml.
2024-07-23 16:24:11,828 [Worker-2: Import Getting Started Content] INFO  o.e.m.j.i.AbstractJavaProjectConfigurator - Adding source folder /SpringBootProject/src/main/java
2024-07-23 16:24:11,830 [Worker-2: Import Getting Started Content] INFO  o.e.m.j.i.AbstractJavaProjectConfigurator - Adding resource folder /SpringBootProject/src/main/resources
2024-07-23 16:24:11,831 [Worker-2: Import Getting Started Content] INFO  o.e.m.j.i.AbstractJavaProjectConfigurator - Adding resource folder /SpringBootProject/src/main/resources
2024-07-23 16:24:11,833 [Worker-2: Import Getting Started Content] INFO  o.e.m.j.i.AbstractJavaProjectConfigurator - Adding source folder /SpringBootProject/src/test/java
2024-07-23 16:24:11,834 [Worker-2: Import Getting Started Content] INFO  o.e.m.j.i.AbstractJavaProjectConfigurator - Adding resource folder /SpringBootProject/src/test/resources
2024-07-23 16:24:13,290 [Worker-2: Import Getting Started Content] INFO  o.e.m.c.i.p.ProjectConfigurationManager - Update completed for 1 poms: local refresh takes 0.00 sec, refresh facades takes 1.00 sec, update config takes 0.00 sec 
2024-07-23 16:24:17,662 [Worker-8: Building] INFO  o.a.m.s.f.DefaultMavenResourcesFiltering - Copying 1 resource from src\main\resources to target\classes
2024-07-23 16:24:17,924 [Worker-8: Building] INFO  o.a.m.s.f.DefaultMavenResourcesFiltering - Copying 0 resource from src\main\resources to target\classes
2024-07-23 16:24:17,941 [Worker-8: Building] INFO  o.a.m.s.f.DefaultMavenResourcesFiltering - skip non existing resourceDirectory E:\Java Project\Springboot-workspace\SpringBootProject\SpringBootProject\src\test\resources
2024-07-23 21:05:03,462 [Worker-23: Building] INFO  o.a.m.s.f.DefaultMavenResourcesFiltering - Copying 1 resource from src\main\resources to target\classes
2024-07-23 21:05:04,129 [Worker-23: Building] INFO  o.a.m.s.f.DefaultMavenResourcesFiltering - Copying 0 resource from src\main\resources to target\classes
2024-07-23 21:05:04,231 [Worker-23: Building] INFO  o.a.m.s.f.DefaultMavenResourcesFiltering - skip non existing resourceDirectory E:\Java Project\Springboot-workspace\SpringBootProject\SpringBootProject\src\test\resources
2024-07-23 21:40:29,366 [Worker-29: Building] INFO  o.a.m.s.f.DefaultMavenResourcesFiltering - Copying 1 resource from src\main\resources to target\classes
2024-07-23 21:40:29,392 [Worker-29: Building] INFO  o.a.m.s.f.DefaultMavenResourcesFiltering - Copying 0 resource from src\main\resources to target\classes
2024-07-23 21:40:29,395 [Worker-29: Building] INFO  o.a.m.s.f.DefaultMavenResourcesFiltering - skip non existing resourceDirectory E:\Java Project\Springboot-workspace\SpringBootProject\SpringBootProject\src\test\resources
2024-07-23 21:44:11,209 [Worker-30: Building] INFO  o.a.m.s.f.DefaultMavenResourcesFiltering - Copying 1 resource from src\main\resources to target\classes
2024-07-23 21:44:11,219 [Worker-30: Building] INFO  o.a.m.s.f.DefaultMavenResourcesFiltering - Copying 0 resource from src\main\resources to target\classes
2024-07-23 21:44:11,222 [Worker-30: Building] INFO  o.a.m.s.f.DefaultMavenResourcesFiltering - skip non existing resourceDirectory E:\Java Project\Springboot-workspace\SpringBootProject\SpringBootProject\src\test\resources
2024-07-23 22:07:50,688 [Worker-30: Building] INFO  o.a.m.s.f.DefaultMavenResourcesFiltering - Copying 1 resource from src\main\resources to target\classes
2024-07-23 22:07:50,733 [Worker-30: Building] INFO  o.a.m.s.f.DefaultMavenResourcesFiltering - Copying 0 resource from src\main\resources to target\classes
2024-07-23 22:07:50,761 [Worker-30: Building] INFO  o.a.m.s.f.DefaultMavenResourcesFiltering - skip non existing resourceDirectory E:\Java Project\Springboot-workspace\SpringBootProject\SpringBootProject\src\test\resources
2024-07-23 22:08:09,463 [Worker-30: Building] INFO  o.a.m.s.f.DefaultMavenResourcesFiltering - Copying 1 resource from src\main\resources to target\classes
2024-07-23 22:08:09,468 [Worker-30: Building] INFO  o.a.m.s.f.DefaultMavenResourcesFiltering - Copying 0 resource from src\main\resources to target\classes
2024-07-23 22:08:09,472 [Worker-30: Building] INFO  o.a.m.s.f.DefaultMavenResourcesFiltering - skip non existing resourceDirectory E:\Java Project\Springboot-workspace\SpringBootProject\SpringBootProject\src\test\resources
2024-07-23 22:15:04,824 [Worker-38: Building] INFO  o.a.m.s.f.DefaultMavenResourcesFiltering - Copying 1 resource from src\main\resources to target\classes
2024-07-23 22:15:04,907 [Worker-38: Building] INFO  o.a.m.s.f.DefaultMavenResourcesFiltering - Copying 0 resource from src\main\resources to target\classes
2024-07-23 22:15:04,910 [Worker-38: Building] INFO  o.a.m.s.f.DefaultMavenResourcesFiltering - skip non existing resourceDirectory E:\Java Project\Springboot-workspace\SpringBootProject\SpringBootProject\src\test\resources
2024-07-23 22:15:55,550 [Worker-35: Building] INFO  o.a.m.s.f.DefaultMavenResourcesFiltering - Copying 1 resource from src\main\resources to target\classes
2024-07-23 22:15:55,555 [Worker-35: Building] INFO  o.a.m.s.f.DefaultMavenResourcesFiltering - Copying 0 resource from src\main\resources to target\classes
2024-07-23 22:15:55,559 [Worker-35: Building] INFO  o.a.m.s.f.DefaultMavenResourcesFiltering - skip non existing resourceDirectory E:\Java Project\Springboot-workspace\SpringBootProject\SpringBootProject\src\test\resources
2024-07-23 22:22:05,659 [Worker-40: Building] INFO  o.a.m.s.f.DefaultMavenResourcesFiltering - Copying 1 resource from src\main\resources to target\classes
2024-07-23 22:22:05,667 [Worker-40: Building] INFO  o.a.m.s.f.DefaultMavenResourcesFiltering - Copying 0 resource from src\main\resources to target\classes
2024-07-23 22:22:05,708 [Worker-40: Building] INFO  o.a.m.s.f.DefaultMavenResourcesFiltering - skip non existing resourceDirectory E:\Java Project\Springboot-workspace\SpringBootProject\SpringBootProject\src\test\resources
2024-07-24 00:03:30,091 [Worker-54: Building] INFO  o.a.m.s.f.DefaultMavenResourcesFiltering - Copying 1 resource from src\main\resources to target\classes
2024-07-24 00:03:30,172 [Worker-54: Building] INFO  o.a.m.s.f.DefaultMavenResourcesFiltering - Copying 0 resource from src\main\resources to target\classes
2024-07-24 00:03:30,175 [Worker-54: Building] INFO  o.a.m.s.f.DefaultMavenResourcesFiltering - skip non existing resourceDirectory E:\Java Project\Springboot-workspace\SpringBootProject\SpringBootProject\src\test\resources
2024-07-24 00:08:43,346 [Worker-53: Building] INFO  o.a.m.s.f.DefaultMavenResourcesFiltering - Copying 1 resource from src\main\resources to target\classes
2024-07-24 00:08:45,459 [Worker-53: Building] INFO  o.a.m.s.f.DefaultMavenResourcesFiltering - Copying 0 resource from src\main\resources to target\classes
2024-07-24 00:08:45,463 [Worker-53: Building] INFO  o.a.m.s.f.DefaultMavenResourcesFiltering - skip non existing resourceDirectory E:\Java Project\Springboot-workspace\SpringBootProject\SpringBootProject\src\test\resources
2024-07-24 12:26:11,004 [Worker-77: Building] INFO  o.a.m.s.f.DefaultMavenResourcesFiltering - Copying 1 resource from src\main\resources to target\classes
2024-07-24 12:26:13,291 [Worker-77: Building] INFO  o.a.m.s.f.DefaultMavenResourcesFiltering - Copying 0 resource from src\main\resources to target\classes
2024-07-24 12:26:13,432 [Worker-77: Building] INFO  o.a.m.s.f.DefaultMavenResourcesFiltering - skip non existing resourceDirectory E:\Java Project\Springboot-workspace\SpringBootProject\SpringBootProject\src\test\resources
2024-07-24 12:26:58,846 [Worker-80: Building] INFO  o.a.m.s.f.DefaultMavenResourcesFiltering - Copying 1 resource from src\main\resources to target\classes
2024-07-24 12:27:04,944 [Worker-80: Building] INFO  o.a.m.s.f.DefaultMavenResourcesFiltering - Copying 0 resource from src\main\resources to target\classes
2024-07-24 12:27:04,948 [Worker-80: Building] INFO  o.a.m.s.f.DefaultMavenResourcesFiltering - skip non existing resourceDirectory E:\Java Project\Springboot-workspace\SpringBootProject\SpringBootProject\src\test\resources
2024-07-24 12:59:55,023 [Worker-79: Building] INFO  o.a.m.s.f.DefaultMavenResourcesFiltering - Copying 1 resource from src\main\resources to target\classes
2024-07-24 12:59:55,296 [Worker-79: Building] INFO  o.a.m.s.f.DefaultMavenResourcesFiltering - Copying 0 resource from src\main\resources to target\classes
2024-07-24 12:59:55,300 [Worker-79: Building] INFO  o.a.m.s.f.DefaultMavenResourcesFiltering - skip non existing resourceDirectory E:\Java Project\Springboot-workspace\SpringBootProject\SpringBootProject\src\test\resources
2024-07-24 13:01:21,890 [Worker-87: Building] INFO  o.a.m.s.f.DefaultMavenResourcesFiltering - Copying 1 resource from src\main\resources to target\classes
2024-07-24 13:01:23,776 [Worker-87: Building] INFO  o.a.m.s.f.DefaultMavenResourcesFiltering - Copying 0 resource from src\main\resources to target\classes
2024-07-24 13:01:23,780 [Worker-87: Building] INFO  o.a.m.s.f.DefaultMavenResourcesFiltering - skip non existing resourceDirectory E:\Java Project\Springboot-workspace\SpringBootProject\SpringBootProject\src\test\resources
2024-07-24 13:08:34,852 [Worker-95: Building] INFO  o.a.m.s.f.DefaultMavenResourcesFiltering - Copying 1 resource from src\main\resources to target\classes
2024-07-24 13:08:35,097 [Worker-95: Building] INFO  o.a.m.s.f.DefaultMavenResourcesFiltering - Copying 0 resource from src\main\resources to target\classes
2024-07-24 13:08:35,100 [Worker-95: Building] INFO  o.a.m.s.f.DefaultMavenResourcesFiltering - skip non existing resourceDirectory E:\Java Project\Springboot-workspace\SpringBootProject\SpringBootProject\src\test\resources
2024-07-24 13:11:33,940 [Worker-97: Building] INFO  o.a.m.s.f.DefaultMavenResourcesFiltering - Copying 1 resource from src\main\resources to target\classes
2024-07-24 13:11:38,181 [Worker-97: Building] INFO  o.a.m.s.f.DefaultMavenResourcesFiltering - Copying 0 resource from src\main\resources to target\classes
2024-07-24 13:11:38,185 [Worker-97: Building] INFO  o.a.m.s.f.DefaultMavenResourcesFiltering - skip non existing resourceDirectory E:\Java Project\Springboot-workspace\SpringBootProject\SpringBootProject\src\test\resources
2024-07-24 13:21:55,372 [Worker-98: Launching SpringBootProject - SpringBootProjectApplication] INFO  o.a.m.s.f.DefaultMavenResourcesFiltering - Copying 1 resource from src\main\resources to target\classes
2024-07-24 13:21:55,464 [Worker-98: Launching SpringBootProject - SpringBootProjectApplication] INFO  o.a.m.s.f.DefaultMavenResourcesFiltering - Copying 0 resource from src\main\resources to target\classes
2024-07-24 13:21:55,466 [Worker-98: Launching SpringBootProject - SpringBootProjectApplication] INFO  o.a.m.s.f.DefaultMavenResourcesFiltering - skip non existing resourceDirectory E:\Java Project\Springboot-workspace\SpringBootProject\SpringBootProject\src\test\resources
2024-07-24 13:23:03,377 [Worker-101: Launching SpringBootProject - SpringBootProjectApplication] INFO  o.a.m.s.f.DefaultMavenResourcesFiltering - Copying 1 resource from src\main\resources to target\classes
2024-07-24 13:23:03,384 [Worker-101: Launching SpringBootProject - SpringBootProjectApplication] INFO  o.a.m.s.f.DefaultMavenResourcesFiltering - Copying 0 resource from src\main\resources to target\classes
2024-07-24 13:23:03,388 [Worker-101: Launching SpringBootProject - SpringBootProjectApplication] INFO  o.a.m.s.f.DefaultMavenResourcesFiltering - skip non existing resourceDirectory E:\Java Project\Springboot-workspace\SpringBootProject\SpringBootProject\src\test\resources
2024-07-24 13:27:09,669 [Worker-106: Building] INFO  o.a.m.s.f.DefaultMavenResourcesFiltering - Copying 1 resource from src\main\resources to target\classes
2024-07-24 13:27:09,706 [Worker-106: Building] INFO  o.a.m.s.f.DefaultMavenResourcesFiltering - Copying 0 resource from src\main\resources to target\classes
2024-07-24 13:27:09,710 [Worker-106: Building] INFO  o.a.m.s.f.DefaultMavenResourcesFiltering - skip non existing resourceDirectory E:\Java Project\Springboot-workspace\SpringBootProject\SpringBootProject\src\test\resources
2024-07-24 13:27:55,949 [Worker-98: Building] INFO  o.a.m.s.f.DefaultMavenResourcesFiltering - Copying 1 resource from src\main\resources to target\classes
2024-07-24 13:27:55,956 [Worker-98: Building] INFO  o.a.m.s.f.DefaultMavenResourcesFiltering - Copying 0 resource from src\main\resources to target\classes
2024-07-24 13:27:55,960 [Worker-98: Building] INFO  o.a.m.s.f.DefaultMavenResourcesFiltering - skip non existing resourceDirectory E:\Java Project\Springboot-workspace\SpringBootProject\SpringBootProject\src\test\resources
2024-07-24 13:32:49,875 [Worker-110: Launching SpringBootProject - SpringBootProjectApplication] INFO  o.a.m.s.f.DefaultMavenResourcesFiltering - Copying 1 resource from src\main\resources to target\classes
2024-07-24 13:32:49,882 [Worker-110: Launching SpringBootProject - SpringBootProjectApplication] INFO  o.a.m.s.f.DefaultMavenResourcesFiltering - Copying 0 resource from src\main\resources to target\classes
2024-07-24 13:32:49,888 [Worker-110: Launching SpringBootProject - SpringBootProjectApplication] INFO  o.a.m.s.f.DefaultMavenResourcesFiltering - skip non existing resourceDirectory E:\Java Project\Springboot-workspace\SpringBootProject\SpringBootProject\src\test\resources
2024-07-24 13:34:34,821 [Worker-112: Launching SpringBootProject - SpringBootProjectApplication] INFO  o.a.m.s.f.DefaultMavenResourcesFiltering - Copying 1 resource from src\main\resources to target\classes
2024-07-24 13:34:34,842 [Worker-112: Launching SpringBootProject - SpringBootProjectApplication] INFO  o.a.m.s.f.DefaultMavenResourcesFiltering - Copying 0 resource from src\main\resources to target\classes
2024-07-24 13:34:34,847 [Worker-112: Launching SpringBootProject - SpringBootProjectApplication] INFO  o.a.m.s.f.DefaultMavenResourcesFiltering - skip non existing resourceDirectory E:\Java Project\Springboot-workspace\SpringBootProject\SpringBootProject\src\test\resources
2024-07-24 13:35:24,794 [Worker-113: Launching SpringBootProject - SpringBootProjectApplication] INFO  o.a.m.s.f.DefaultMavenResourcesFiltering - Copying 1 resource from src\main\resources to target\classes
2024-07-24 13:35:24,809 [Worker-113: Launching SpringBootProject - SpringBootProjectApplication] INFO  o.a.m.s.f.DefaultMavenResourcesFiltering - Copying 0 resource from src\main\resources to target\classes
2024-07-24 13:35:24,812 [Worker-113: Launching SpringBootProject - SpringBootProjectApplication] INFO  o.a.m.s.f.DefaultMavenResourcesFiltering - skip non existing resourceDirectory E:\Java Project\Springboot-workspace\SpringBootProject\SpringBootProject\src\test\resources
2024-07-24 13:36:34,371 [Worker-98: Launching SpringBootProject - SpringBootProjectApplication] INFO  o.a.m.s.f.DefaultMavenResourcesFiltering - Copying 1 resource from src\main\resources to target\classes
2024-07-24 13:36:34,395 [Worker-98: Launching SpringBootProject - SpringBootProjectApplication] INFO  o.a.m.s.f.DefaultMavenResourcesFiltering - Copying 0 resource from src\main\resources to target\classes
2024-07-24 13:36:34,399 [Worker-98: Launching SpringBootProject - SpringBootProjectApplication] INFO  o.a.m.s.f.DefaultMavenResourcesFiltering - skip non existing resourceDirectory E:\Java Project\Springboot-workspace\SpringBootProject\SpringBootProject\src\test\resources
2024-07-24 13:39:14,742 [Worker-111: Launching SpringBootProject - SpringBootProjectApplication] INFO  o.a.m.s.f.DefaultMavenResourcesFiltering - Copying 1 resource from src\main\resources to target\classes
2024-07-24 13:39:14,750 [Worker-111: Launching SpringBootProject - SpringBootProjectApplication] INFO  o.a.m.s.f.DefaultMavenResourcesFiltering - Copying 0 resource from src\main\resources to target\classes
2024-07-24 13:39:14,753 [Worker-111: Launching SpringBootProject - SpringBootProjectApplication] INFO  o.a.m.s.f.DefaultMavenResourcesFiltering - skip non existing resourceDirectory E:\Java Project\Springboot-workspace\SpringBootProject\SpringBootProject\src\test\resources
2024-07-24 13:40:00,570 [Worker-110: Launching SpringBootProject - SpringBootProjectApplication] INFO  o.a.m.s.f.DefaultMavenResourcesFiltering - Copying 1 resource from src\main\resources to target\classes
2024-07-24 13:40:00,582 [Worker-110: Launching SpringBootProject - SpringBootProjectApplication] INFO  o.a.m.s.f.DefaultMavenResourcesFiltering - Copying 0 resource from src\main\resources to target\classes
2024-07-24 13:40:00,590 [Worker-110: Launching SpringBootProject - SpringBootProjectApplication] INFO  o.a.m.s.f.DefaultMavenResourcesFiltering - skip non existing resourceDirectory E:\Java Project\Springboot-workspace\SpringBootProject\SpringBootProject\src\test\resources
2024-07-24 13:40:34,592 [Worker-110: Launching SpringBootProject - SpringBootProjectApplication] INFO  o.a.m.s.f.DefaultMavenResourcesFiltering - Copying 1 resource from src\main\resources to target\classes
2024-07-24 13:40:34,599 [Worker-110: Launching SpringBootProject - SpringBootProjectApplication] INFO  o.a.m.s.f.DefaultMavenResourcesFiltering - Copying 0 resource from src\main\resources to target\classes
2024-07-24 13:40:34,602 [Worker-110: Launching SpringBootProject - SpringBootProjectApplication] INFO  o.a.m.s.f.DefaultMavenResourcesFiltering - skip non existing resourceDirectory E:\Java Project\Springboot-workspace\SpringBootProject\SpringBootProject\src\test\resources
2024-07-24 13:43:19,239 [Worker-121: Launching SpringBootProject - SpringBootProjectApplication] INFO  o.a.m.s.f.DefaultMavenResourcesFiltering - Copying 1 resource from src\main\resources to target\classes
2024-07-24 13:43:19,508 [Worker-121: Launching SpringBootProject - SpringBootProjectApplication] INFO  o.a.m.s.f.DefaultMavenResourcesFiltering - Copying 0 resource from src\main\resources to target\classes
2024-07-24 13:43:19,514 [Worker-121: Launching SpringBootProject - SpringBootProjectApplication] INFO  o.a.m.s.f.DefaultMavenResourcesFiltering - skip non existing resourceDirectory E:\Java Project\Springboot-workspace\SpringBootProject\SpringBootProject\src\test\resources
2024-07-24 13:45:05,265 [Worker-111: Launching SpringBootProject - SpringBootProjectApplication] INFO  o.a.m.s.f.DefaultMavenResourcesFiltering - Copying 1 resource from src\main\resources to target\classes
2024-07-24 13:45:05,274 [Worker-111: Launching SpringBootProject - SpringBootProjectApplication] INFO  o.a.m.s.f.DefaultMavenResourcesFiltering - Copying 0 resource from src\main\resources to target\classes
2024-07-24 13:45:05,278 [Worker-111: Launching SpringBootProject - SpringBootProjectApplication] INFO  o.a.m.s.f.DefaultMavenResourcesFiltering - skip non existing resourceDirectory E:\Java Project\Springboot-workspace\SpringBootProject\SpringBootProject\src\test\resources
2024-07-24 13:49:27,703 [Worker-131: Launching SpringBootProject - SpringBootProjectApplication] INFO  o.a.m.s.f.DefaultMavenResourcesFiltering - Copying 1 resource from src\main\resources to target\classes
2024-07-24 13:49:27,712 [Worker-131: Launching SpringBootProject - SpringBootProjectApplication] INFO  o.a.m.s.f.DefaultMavenResourcesFiltering - Copying 0 resource from src\main\resources to target\classes
2024-07-24 13:49:27,742 [Worker-131: Launching SpringBootProject - SpringBootProjectApplication] INFO  o.a.m.s.f.DefaultMavenResourcesFiltering - skip non existing resourceDirectory E:\Java Project\Springboot-workspace\SpringBootProject\SpringBootProject\src\test\resources
2024-07-24 13:50:14,790 [Worker-128: Launching SpringBootProject - SpringBootProjectApplication] INFO  o.a.m.s.f.DefaultMavenResourcesFiltering - Copying 1 resource from src\main\resources to target\classes
2024-07-24 13:50:14,801 [Worker-128: Launching SpringBootProject - SpringBootProjectApplication] INFO  o.a.m.s.f.DefaultMavenResourcesFiltering - Copying 0 resource from src\main\resources to target\classes
2024-07-24 13:50:14,805 [Worker-128: Launching SpringBootProject - SpringBootProjectApplication] INFO  o.a.m.s.f.DefaultMavenResourcesFiltering - skip non existing resourceDirectory E:\Java Project\Springboot-workspace\SpringBootProject\SpringBootProject\src\test\resources
2024-07-24 15:17:42,093 [Worker-157: Launching SpringBootProject - SpringBootProjectApplication] INFO  o.a.m.s.f.DefaultMavenResourcesFiltering - Copying 1 resource from src\main\resources to target\classes
2024-07-24 15:17:42,149 [Worker-157: Launching SpringBootProject - SpringBootProjectApplication] INFO  o.a.m.s.f.DefaultMavenResourcesFiltering - Copying 0 resource from src\main\resources to target\classes
2024-07-24 15:17:42,156 [Worker-157: Launching SpringBootProject - SpringBootProjectApplication] INFO  o.a.m.s.f.DefaultMavenResourcesFiltering - skip non existing resourceDirectory E:\Java Project\Springboot-workspace\SpringBootProject\SpringBootProject\src\test\resources
2024-07-24 15:18:37,227 [Worker-158: Launching SpringBootProject - SpringBootProjectApplication] INFO  o.a.m.s.f.DefaultMavenResourcesFiltering - Copying 1 resource from src\main\resources to target\classes
2024-07-24 15:18:37,355 [Worker-158: Launching SpringBootProject - SpringBootProjectApplication] INFO  o.a.m.s.f.DefaultMavenResourcesFiltering - Copying 0 resource from src\main\resources to target\classes
2024-07-24 15:18:37,359 [Worker-158: Launching SpringBootProject - SpringBootProjectApplication] INFO  o.a.m.s.f.DefaultMavenResourcesFiltering - skip non existing resourceDirectory E:\Java Project\Springboot-workspace\SpringBootProject\SpringBootProject\src\test\resources
2024-07-24 15:22:08,659 [Worker-164: Launching SpringBootProject - SpringBootProjectApplication] INFO  o.a.m.s.f.DefaultMavenResourcesFiltering - Copying 1 resource from src\main\resources to target\classes
2024-07-24 15:22:08,667 [Worker-164: Launching SpringBootProject - SpringBootProjectApplication] INFO  o.a.m.s.f.DefaultMavenResourcesFiltering - Copying 0 resource from src\main\resources to target\classes
2024-07-24 15:22:08,671 [Worker-164: Launching SpringBootProject - SpringBootProjectApplication] INFO  o.a.m.s.f.DefaultMavenResourcesFiltering - skip non existing resourceDirectory E:\Java Project\Springboot-workspace\SpringBootProject\SpringBootProject\src\test\resources
2024-07-24 15:38:15,148 [Worker-168: Building] INFO  o.a.m.s.f.DefaultMavenResourcesFiltering - Copying 1 resource from src\main\resources to target\classes
2024-07-24 15:38:15,154 [Worker-168: Building] INFO  o.a.m.s.f.DefaultMavenResourcesFiltering - Copying 0 resource from src\main\resources to target\classes
2024-07-24 15:38:15,157 [Worker-168: Building] INFO  o.a.m.s.f.DefaultMavenResourcesFiltering - skip non existing resourceDirectory E:\Java Project\Springboot-workspace\SpringBootProject\SpringBootProject\src\test\resources
2024-07-24 15:38:30,291 [Worker-176: Building] INFO  o.a.m.s.f.DefaultMavenResourcesFiltering - Copying 1 resource from src\main\resources to target\classes
2024-07-24 15:38:30,298 [Worker-176: Building] INFO  o.a.m.s.f.DefaultMavenResourcesFiltering - Copying 0 resource from src\main\resources to target\classes
2024-07-24 15:38:30,300 [Worker-176: Building] INFO  o.a.m.s.f.DefaultMavenResourcesFiltering - skip non existing resourceDirectory E:\Java Project\Springboot-workspace\SpringBootProject\SpringBootProject\src\test\resources
2024-07-24 15:40:41,974 [Worker-178: Building] INFO  o.a.m.s.f.DefaultMavenResourcesFiltering - Copying 1 resource from src\main\resources to target\classes
2024-07-24 15:40:41,987 [Worker-178: Building] INFO  o.a.m.s.f.DefaultMavenResourcesFiltering - Copying 0 resource from src\main\resources to target\classes
2024-07-24 15:40:41,989 [Worker-178: Building] INFO  o.a.m.s.f.DefaultMavenResourcesFiltering - skip non existing resourceDirectory E:\Java Project\Springboot-workspace\SpringBootProject\SpringBootProject\src\test\resources
2024-07-24 15:46:06,360 [Worker-183: Building] INFO  o.a.m.s.f.DefaultMavenResourcesFiltering - Copying 1 resource from src\main\resources to target\classes
2024-07-24 15:46:06,368 [Worker-183: Building] INFO  o.a.m.s.f.DefaultMavenResourcesFiltering - Copying 0 resource from src\main\resources to target\classes
2024-07-24 15:46:06,371 [Worker-183: Building] INFO  o.a.m.s.f.DefaultMavenResourcesFiltering - skip non existing resourceDirectory E:\Java Project\Springboot-workspace\SpringBootProject\SpringBootProject\src\test\resources
2024-07-24 15:46:17,983 [Worker-181: Launching Executing generate-sources in E__Java Project_Springboot-workspace_SpringBootProject_SpringBootProject] INFO  o.eclipse.m2e.core.internal.Bundles - getClasspathEntries(Bundle=org.eclipse.m2e.maven.runtime_3.9.600.20231203-1234 [354])
2024-07-24 15:46:18,058 [Worker-181: Launching Executing generate-sources in E__Java Project_Springboot-workspace_SpringBootProject_SpringBootProject] INFO  o.eclipse.m2e.core.internal.Bundles - 	Entry: E:\sts-4.22.1.RELEASE\plugins\org.eclipse.m2e.maven.runtime_3.9.600.20231203-1234
2024-07-24 15:46:18,058 [Worker-181: Launching Executing generate-sources in E__Java Project_Springboot-workspace_SpringBootProject_SpringBootProject] INFO  o.eclipse.m2e.core.internal.Bundles - 	Entry: E:\sts-4.22.1.RELEASE\plugins\org.eclipse.m2e.maven.runtime_3.9.600.20231203-1234\jars\aopalliance-1.0.jar
2024-07-24 15:46:18,058 [Worker-181: Launching Executing generate-sources in E__Java Project_Springboot-workspace_SpringBootProject_SpringBootProject] INFO  o.eclipse.m2e.core.internal.Bundles - 	Entry: E:\sts-4.22.1.RELEASE\plugins\org.eclipse.m2e.maven.runtime_3.9.600.20231203-1234\jars\guice-5.1.0.jar
2024-07-24 15:46:18,058 [Worker-181: Launching Executing generate-sources in E__Java Project_Springboot-workspace_SpringBootProject_SpringBootProject] INFO  o.eclipse.m2e.core.internal.Bundles - 	Entry: E:\sts-4.22.1.RELEASE\plugins\org.eclipse.m2e.maven.runtime_3.9.600.20231203-1234\jars\httpclient-4.5.14.jar
2024-07-24 15:46:18,058 [Worker-181: Launching Executing generate-sources in E__Java Project_Springboot-workspace_SpringBootProject_SpringBootProject] INFO  o.eclipse.m2e.core.internal.Bundles - 	Entry: E:\sts-4.22.1.RELEASE\plugins\org.eclipse.m2e.maven.runtime_3.9.600.20231203-1234\jars\httpcore-4.4.16.jar
2024-07-24 15:46:18,058 [Worker-181: Launching Executing generate-sources in E__Java Project_Springboot-workspace_SpringBootProject_SpringBootProject] INFO  o.eclipse.m2e.core.internal.Bundles - 	Entry: E:\sts-4.22.1.RELEASE\plugins\org.eclipse.m2e.maven.runtime_3.9.600.20231203-1234\jars\jansi-2.4.0.jar
2024-07-24 15:46:18,058 [Worker-181: Launching Executing generate-sources in E__Java Project_Springboot-workspace_SpringBootProject_SpringBootProject] INFO  o.eclipse.m2e.core.internal.Bundles - 	Entry: E:\sts-4.22.1.RELEASE\plugins\org.eclipse.m2e.maven.runtime_3.9.600.20231203-1234\jars\jcl-over-slf4j-1.7.36.jar
2024-07-24 15:46:18,059 [Worker-181: Launching Executing generate-sources in E__Java Project_Springboot-workspace_SpringBootProject_SpringBootProject] INFO  o.eclipse.m2e.core.internal.Bundles - 	Entry: E:\sts-4.22.1.RELEASE\plugins\org.eclipse.m2e.maven.runtime_3.9.600.20231203-1234\jars\maven-artifact-3.9.6.jar
2024-07-24 15:46:18,059 [Worker-181: Launching Executing generate-sources in E__Java Project_Springboot-workspace_SpringBootProject_SpringBootProject] INFO  o.eclipse.m2e.core.internal.Bundles - 	Entry: E:\sts-4.22.1.RELEASE\plugins\org.eclipse.m2e.maven.runtime_3.9.600.20231203-1234\jars\maven-builder-support-3.9.6.jar
2024-07-24 15:46:18,059 [Worker-181: Launching Executing generate-sources in E__Java Project_Springboot-workspace_SpringBootProject_SpringBootProject] INFO  o.eclipse.m2e.core.internal.Bundles - 	Entry: E:\sts-4.22.1.RELEASE\plugins\org.eclipse.m2e.maven.runtime_3.9.600.20231203-1234\jars\maven-compat-3.9.6.jar
2024-07-24 15:46:18,059 [Worker-181: Launching Executing generate-sources in E__Java Project_Springboot-workspace_SpringBootProject_SpringBootProject] INFO  o.eclipse.m2e.core.internal.Bundles - 	Entry: E:\sts-4.22.1.RELEASE\plugins\org.eclipse.m2e.maven.runtime_3.9.600.20231203-1234\jars\maven-core-3.9.6.jar
2024-07-24 15:46:18,059 [Worker-181: Launching Executing generate-sources in E__Java Project_Springboot-workspace_SpringBootProject_SpringBootProject] INFO  o.eclipse.m2e.core.internal.Bundles - 	Entry: E:\sts-4.22.1.RELEASE\plugins\org.eclipse.m2e.maven.runtime_3.9.600.20231203-1234\jars\maven-embedder-3.9.6.jar
2024-07-24 15:46:18,059 [Worker-181: Launching Executing generate-sources in E__Java Project_Springboot-workspace_SpringBootProject_SpringBootProject] INFO  o.eclipse.m2e.core.internal.Bundles - 	Entry: E:\sts-4.22.1.RELEASE\plugins\org.eclipse.m2e.maven.runtime_3.9.600.20231203-1234\jars\maven-model-3.9.6.jar
2024-07-24 15:46:18,059 [Worker-181: Launching Executing generate-sources in E__Java Project_Springboot-workspace_SpringBootProject_SpringBootProject] INFO  o.eclipse.m2e.core.internal.Bundles - 	Entry: E:\sts-4.22.1.RELEASE\plugins\org.eclipse.m2e.maven.runtime_3.9.600.20231203-1234\jars\maven-model-builder-3.9.6.jar
2024-07-24 15:46:18,059 [Worker-181: Launching Executing generate-sources in E__Java Project_Springboot-workspace_SpringBootProject_SpringBootProject] INFO  o.eclipse.m2e.core.internal.Bundles - 	Entry: E:\sts-4.22.1.RELEASE\plugins\org.eclipse.m2e.maven.runtime_3.9.600.20231203-1234\jars\maven-plugin-api-3.9.6.jar
2024-07-24 15:46:18,059 [Worker-181: Launching Executing generate-sources in E__Java Project_Springboot-workspace_SpringBootProject_SpringBootProject] INFO  o.eclipse.m2e.core.internal.Bundles - 	Entry: E:\sts-4.22.1.RELEASE\plugins\org.eclipse.m2e.maven.runtime_3.9.600.20231203-1234\jars\maven-repository-metadata-3.9.6.jar
2024-07-24 15:46:18,059 [Worker-181: Launching Executing generate-sources in E__Java Project_Springboot-workspace_SpringBootProject_SpringBootProject] INFO  o.eclipse.m2e.core.internal.Bundles - 	Entry: E:\sts-4.22.1.RELEASE\plugins\org.eclipse.m2e.maven.runtime_3.9.600.20231203-1234\jars\maven-resolver-api-1.9.18.jar
2024-07-24 15:46:18,059 [Worker-181: Launching Executing generate-sources in E__Java Project_Springboot-workspace_SpringBootProject_SpringBootProject] INFO  o.eclipse.m2e.core.internal.Bundles - 	Entry: E:\sts-4.22.1.RELEASE\plugins\org.eclipse.m2e.maven.runtime_3.9.600.20231203-1234\jars\maven-resolver-connector-basic-1.9.18.jar
2024-07-24 15:46:18,059 [Worker-181: Launching Executing generate-sources in E__Java Project_Springboot-workspace_SpringBootProject_SpringBootProject] INFO  o.eclipse.m2e.core.internal.Bundles - 	Entry: E:\sts-4.22.1.RELEASE\plugins\org.eclipse.m2e.maven.runtime_3.9.600.20231203-1234\jars\maven-resolver-impl-1.9.18.jar
2024-07-24 15:46:18,059 [Worker-181: Launching Executing generate-sources in E__Java Project_Springboot-workspace_SpringBootProject_SpringBootProject] INFO  o.eclipse.m2e.core.internal.Bundles - 	Entry: E:\sts-4.22.1.RELEASE\plugins\org.eclipse.m2e.maven.runtime_3.9.600.20231203-1234\jars\maven-resolver-named-locks-1.9.18.jar
2024-07-24 15:46:18,059 [Worker-181: Launching Executing generate-sources in E__Java Project_Springboot-workspace_SpringBootProject_SpringBootProject] INFO  o.eclipse.m2e.core.internal.Bundles - 	Entry: E:\sts-4.22.1.RELEASE\plugins\org.eclipse.m2e.maven.runtime_3.9.600.20231203-1234\jars\maven-resolver-provider-3.9.6.jar
2024-07-24 15:46:18,059 [Worker-181: Launching Executing generate-sources in E__Java Project_Springboot-workspace_SpringBootProject_SpringBootProject] INFO  o.eclipse.m2e.core.internal.Bundles - 	Entry: E:\sts-4.22.1.RELEASE\plugins\org.eclipse.m2e.maven.runtime_3.9.600.20231203-1234\jars\maven-resolver-spi-1.9.18.jar
2024-07-24 15:46:18,059 [Worker-181: Launching Executing generate-sources in E__Java Project_Springboot-workspace_SpringBootProject_SpringBootProject] INFO  o.eclipse.m2e.core.internal.Bundles - 	Entry: E:\sts-4.22.1.RELEASE\plugins\org.eclipse.m2e.maven.runtime_3.9.600.20231203-1234\jars\maven-resolver-transport-file-1.9.18.jar
2024-07-24 15:46:18,059 [Worker-181: Launching Executing generate-sources in E__Java Project_Springboot-workspace_SpringBootProject_SpringBootProject] INFO  o.eclipse.m2e.core.internal.Bundles - 	Entry: E:\sts-4.22.1.RELEASE\plugins\org.eclipse.m2e.maven.runtime_3.9.600.20231203-1234\jars\maven-resolver-transport-http-1.9.18.jar
2024-07-24 15:46:18,059 [Worker-181: Launching Executing generate-sources in E__Java Project_Springboot-workspace_SpringBootProject_SpringBootProject] INFO  o.eclipse.m2e.core.internal.Bundles - 	Entry: E:\sts-4.22.1.RELEASE\plugins\org.eclipse.m2e.maven.runtime_3.9.600.20231203-1234\jars\maven-resolver-transport-wagon-1.9.18.jar
2024-07-24 15:46:18,060 [Worker-181: Launching Executing generate-sources in E__Java Project_Springboot-workspace_SpringBootProject_SpringBootProject] INFO  o.eclipse.m2e.core.internal.Bundles - 	Entry: E:\sts-4.22.1.RELEASE\plugins\org.eclipse.m2e.maven.runtime_3.9.600.20231203-1234\jars\maven-resolver-util-1.9.18.jar
2024-07-24 15:46:18,060 [Worker-181: Launching Executing generate-sources in E__Java Project_Springboot-workspace_SpringBootProject_SpringBootProject] INFO  o.eclipse.m2e.core.internal.Bundles - 	Entry: E:\sts-4.22.1.RELEASE\plugins\org.eclipse.m2e.maven.runtime_3.9.600.20231203-1234\jars\maven-settings-3.9.6.jar
2024-07-24 15:46:18,060 [Worker-181: Launching Executing generate-sources in E__Java Project_Springboot-workspace_SpringBootProject_SpringBootProject] INFO  o.eclipse.m2e.core.internal.Bundles - 	Entry: E:\sts-4.22.1.RELEASE\plugins\org.eclipse.m2e.maven.runtime_3.9.600.20231203-1234\jars\maven-settings-builder-3.9.6.jar
2024-07-24 15:46:18,060 [Worker-181: Launching Executing generate-sources in E__Java Project_Springboot-workspace_SpringBootProject_SpringBootProject] INFO  o.eclipse.m2e.core.internal.Bundles - 	Entry: E:\sts-4.22.1.RELEASE\plugins\org.eclipse.m2e.maven.runtime_3.9.600.20231203-1234\jars\maven-shared-utils-3.3.4.jar
2024-07-24 15:46:18,060 [Worker-181: Launching Executing generate-sources in E__Java Project_Springboot-workspace_SpringBootProject_SpringBootProject] INFO  o.eclipse.m2e.core.internal.Bundles - 	Entry: E:\sts-4.22.1.RELEASE\plugins\org.eclipse.m2e.maven.runtime_3.9.600.20231203-1234\jars\org.eclipse.sisu.inject-0.9.0.M2.jar
2024-07-24 15:46:18,060 [Worker-181: Launching Executing generate-sources in E__Java Project_Springboot-workspace_SpringBootProject_SpringBootProject] INFO  o.eclipse.m2e.core.internal.Bundles - 	Entry: E:\sts-4.22.1.RELEASE\plugins\org.eclipse.m2e.maven.runtime_3.9.600.20231203-1234\jars\org.eclipse.sisu.plexus-0.9.0.M2.jar
2024-07-24 15:46:18,060 [Worker-181: Launching Executing generate-sources in E__Java Project_Springboot-workspace_SpringBootProject_SpringBootProject] INFO  o.eclipse.m2e.core.internal.Bundles - 	Entry: E:\sts-4.22.1.RELEASE\plugins\org.eclipse.m2e.maven.runtime_3.9.600.20231203-1234\jars\plexus-build-api-0.0.7.jar
2024-07-24 15:46:18,060 [Worker-181: Launching Executing generate-sources in E__Java Project_Springboot-workspace_SpringBootProject_SpringBootProject] INFO  o.eclipse.m2e.core.internal.Bundles - 	Entry: E:\sts-4.22.1.RELEASE\plugins\org.eclipse.m2e.maven.runtime_3.9.600.20231203-1234\jars\plexus-cipher-2.0.jar
2024-07-24 15:46:18,060 [Worker-181: Launching Executing generate-sources in E__Java Project_Springboot-workspace_SpringBootProject_SpringBootProject] INFO  o.eclipse.m2e.core.internal.Bundles - 	Entry: E:\sts-4.22.1.RELEASE\plugins\org.eclipse.m2e.maven.runtime_3.9.600.20231203-1234\jars\plexus-classworlds-2.7.0.jar
2024-07-24 15:46:18,060 [Worker-181: Launching Executing generate-sources in E__Java Project_Springboot-workspace_SpringBootProject_SpringBootProject] INFO  o.eclipse.m2e.core.internal.Bundles - 	Entry: E:\sts-4.22.1.RELEASE\plugins\org.eclipse.m2e.maven.runtime_3.9.600.20231203-1234\jars\plexus-component-annotations-2.1.0.jar
2024-07-24 15:46:18,060 [Worker-181: Launching Executing generate-sources in E__Java Project_Springboot-workspace_SpringBootProject_SpringBootProject] INFO  o.eclipse.m2e.core.internal.Bundles - 	Entry: E:\sts-4.22.1.RELEASE\plugins\org.eclipse.m2e.maven.runtime_3.9.600.20231203-1234\jars\plexus-interpolation-1.26.jar
2024-07-24 15:46:18,060 [Worker-181: Launching Executing generate-sources in E__Java Project_Springboot-workspace_SpringBootProject_SpringBootProject] INFO  o.eclipse.m2e.core.internal.Bundles - 	Entry: E:\sts-4.22.1.RELEASE\plugins\org.eclipse.m2e.maven.runtime_3.9.600.20231203-1234\jars\plexus-sec-dispatcher-2.0.jar
2024-07-24 15:46:18,060 [Worker-181: Launching Executing generate-sources in E__Java Project_Springboot-workspace_SpringBootProject_SpringBootProject] INFO  o.eclipse.m2e.core.internal.Bundles - 	Entry: E:\sts-4.22.1.RELEASE\plugins\org.eclipse.m2e.maven.runtime_3.9.600.20231203-1234\jars\plexus-utils-3.5.1.jar
2024-07-24 15:46:18,060 [Worker-181: Launching Executing generate-sources in E__Java Project_Springboot-workspace_SpringBootProject_SpringBootProject] INFO  o.eclipse.m2e.core.internal.Bundles - 	Entry: E:\sts-4.22.1.RELEASE\plugins\org.eclipse.m2e.maven.runtime_3.9.600.20231203-1234\jars\wagon-file-3.5.3.jar
2024-07-24 15:46:18,060 [Worker-181: Launching Executing generate-sources in E__Java Project_Springboot-workspace_SpringBootProject_SpringBootProject] INFO  o.eclipse.m2e.core.internal.Bundles - 	Entry: E:\sts-4.22.1.RELEASE\plugins\org.eclipse.m2e.maven.runtime_3.9.600.20231203-1234\jars\wagon-http-3.5.3.jar
2024-07-24 15:46:18,060 [Worker-181: Launching Executing generate-sources in E__Java Project_Springboot-workspace_SpringBootProject_SpringBootProject] INFO  o.eclipse.m2e.core.internal.Bundles - 	Entry: E:\sts-4.22.1.RELEASE\plugins\org.eclipse.m2e.maven.runtime_3.9.600.20231203-1234\jars\wagon-http-shared-3.5.3.jar
2024-07-24 15:46:18,060 [Worker-181: Launching Executing generate-sources in E__Java Project_Springboot-workspace_SpringBootProject_SpringBootProject] INFO  o.eclipse.m2e.core.internal.Bundles - 	Entry: E:\sts-4.22.1.RELEASE\plugins\org.eclipse.m2e.maven.runtime_3.9.600.20231203-1234\jars\wagon-provider-api-3.5.3.jar
2024-07-24 15:46:18,112 [Worker-181: Launching Executing generate-sources in E__Java Project_Springboot-workspace_SpringBootProject_SpringBootProject] INFO  o.eclipse.m2e.core.internal.Bundles - getClasspathEntries(Bundle=com.google.guava_33.0.0.jre [27])
2024-07-24 15:46:18,112 [Worker-181: Launching Executing generate-sources in E__Java Project_Springboot-workspace_SpringBootProject_SpringBootProject] INFO  o.eclipse.m2e.core.internal.Bundles - 	Entry: E:\sts-4.22.1.RELEASE\plugins\com.google.guava_33.0.0.jre.jar
2024-07-24 15:46:18,112 [Worker-181: Launching Executing generate-sources in E__Java Project_Springboot-workspace_SpringBootProject_SpringBootProject] INFO  o.eclipse.m2e.core.internal.Bundles - getClasspathEntries(Bundle=slf4j.api_2.0.12 [584])
2024-07-24 15:46:18,113 [Worker-181: Launching Executing generate-sources in E__Java Project_Springboot-workspace_SpringBootProject_SpringBootProject] INFO  o.eclipse.m2e.core.internal.Bundles - 	Entry: E:\sts-4.22.1.RELEASE\plugins\slf4j.api_2.0.12.jar
2024-07-24 15:46:18,113 [Worker-181: Launching Executing generate-sources in E__Java Project_Springboot-workspace_SpringBootProject_SpringBootProject] INFO  o.eclipse.m2e.core.internal.Bundles - getClasspathEntries(Bundle=jakarta.inject.jakarta.inject-api_1.0.5 [44])
2024-07-24 15:46:18,113 [Worker-181: Launching Executing generate-sources in E__Java Project_Springboot-workspace_SpringBootProject_SpringBootProject] INFO  o.eclipse.m2e.core.internal.Bundles - 	Entry: E:\sts-4.22.1.RELEASE\plugins\jakarta.inject.jakarta.inject-api_1.0.5.jar
2024-07-24 15:46:18,113 [Worker-181: Launching Executing generate-sources in E__Java Project_Springboot-workspace_SpringBootProject_SpringBootProject] INFO  o.eclipse.m2e.core.internal.Bundles - getClasspathEntries(Bundle=jakarta.annotation-api_1.3.5 [40])
2024-07-24 15:46:18,113 [Worker-181: Launching Executing generate-sources in E__Java Project_Springboot-workspace_SpringBootProject_SpringBootProject] INFO  o.eclipse.m2e.core.internal.Bundles - 	Entry: E:\sts-4.22.1.RELEASE\plugins\jakarta.annotation-api_1.3.5.jar
2024-07-24 15:46:18,113 [Worker-181: Launching Executing generate-sources in E__Java Project_Springboot-workspace_SpringBootProject_SpringBootProject] INFO  o.eclipse.m2e.core.internal.Bundles - getClasspathEntries(Bundle=org.apache.commons.cli_1.6.0 [75])
2024-07-24 15:46:18,113 [Worker-181: Launching Executing generate-sources in E__Java Project_Springboot-workspace_SpringBootProject_SpringBootProject] INFO  o.eclipse.m2e.core.internal.Bundles - 	Entry: E:\sts-4.22.1.RELEASE\plugins\org.apache.commons.cli_1.6.0.jar
2024-07-24 15:46:18,113 [Worker-181: Launching Executing generate-sources in E__Java Project_Springboot-workspace_SpringBootProject_SpringBootProject] INFO  o.eclipse.m2e.core.internal.Bundles - getClasspathEntries(Bundle=org.apache.commons.commons-codec_1.16.0 [77])
2024-07-24 15:46:18,113 [Worker-181: Launching Executing generate-sources in E__Java Project_Springboot-workspace_SpringBootProject_SpringBootProject] INFO  o.eclipse.m2e.core.internal.Bundles - 	Entry: E:\sts-4.22.1.RELEASE\plugins\org.apache.commons.commons-codec_1.16.0.jar
2024-07-24 15:46:18,113 [Worker-181: Launching Executing generate-sources in E__Java Project_Springboot-workspace_SpringBootProject_SpringBootProject] INFO  o.eclipse.m2e.core.internal.Bundles - getClasspathEntries(Bundle=org.apache.commons.lang3_3.14.0 [81])
2024-07-24 15:46:18,114 [Worker-181: Launching Executing generate-sources in E__Java Project_Springboot-workspace_SpringBootProject_SpringBootProject] INFO  o.eclipse.m2e.core.internal.Bundles - 	Entry: E:\sts-4.22.1.RELEASE\plugins\org.apache.commons.lang3_3.14.0.jar
2024-07-24 15:46:18,114 [Worker-181: Launching Executing generate-sources in E__Java Project_Springboot-workspace_SpringBootProject_SpringBootProject] INFO  o.eclipse.m2e.core.internal.Bundles - getClasspathEntries(Bundle=com.google.guava.failureaccess_1.0.2 [29])
2024-07-24 15:46:18,114 [Worker-181: Launching Executing generate-sources in E__Java Project_Springboot-workspace_SpringBootProject_SpringBootProject] INFO  o.eclipse.m2e.core.internal.Bundles - 	Entry: E:\sts-4.22.1.RELEASE\plugins\com.google.guava.failureaccess_1.0.2.jar
2024-07-24 15:46:18,245 [Worker-181: Launching Executing generate-sources in E__Java Project_Springboot-workspace_SpringBootProject_SpringBootProject] INFO  o.e.m.i.launch.MavenLaunchDelegate - Run build in "E:\Java Project\Springboot-workspace\SpringBootProject\SpringBootProject":
2024-07-24 15:46:18,246 [Worker-181: Launching Executing generate-sources in E__Java Project_Springboot-workspace_SpringBootProject_SpringBootProject] INFO  o.e.m.i.launch.MavenLaunchDelegate -  mvn  -Ppom.xml -B -Dstyle.color=always generate-sources
2024-07-24 15:52:46,822 [Worker-192: Building] INFO  o.a.m.s.f.DefaultMavenResourcesFiltering - Copying 1 resource from src\main\resources to target\classes
2024-07-24 15:52:46,849 [Worker-192: Building] INFO  o.a.m.s.f.DefaultMavenResourcesFiltering - Copying 0 resource from src\main\resources to target\classes
2024-07-24 15:52:46,903 [Worker-192: Building] INFO  o.a.m.s.f.DefaultMavenResourcesFiltering - skip non existing resourceDirectory E:\Java Project\Springboot-workspace\SpringBootProject\SpringBootProject\src\test\resources
2024-07-24 16:01:31,746 [Worker-181: Building] INFO  o.a.m.s.f.DefaultMavenResourcesFiltering - Copying 1 resource from src\main\resources to target\classes
2024-07-24 16:01:31,759 [Worker-181: Building] INFO  o.a.m.s.f.DefaultMavenResourcesFiltering - Copying 0 resource from src\main\resources to target\classes
2024-07-24 16:01:31,762 [Worker-181: Building] INFO  o.a.m.s.f.DefaultMavenResourcesFiltering - skip non existing resourceDirectory E:\Java Project\Springboot-workspace\SpringBootProject\SpringBootProject\src\test\resources
2024-07-24 16:09:21,476 [Worker-201: Import Getting Started Content] INFO  o.e.m.c.i.l.LifecycleMappingFactory - Using org.eclipse.m2e.jdt.JarLifecycleMapping lifecycle mapping for MavenProject: com.ihub.www:SpringBootProject-2:0.0.1-SNAPSHOT @ E:\Java Project\Springboot-workspace\SpringBootProject\SpringBootProject-2\pom.xml.
2024-07-24 16:09:29,014 [Worker-201: Import Getting Started Content] INFO  o.e.m.j.i.AbstractJavaProjectConfigurator - Adding source folder /SpringBootProject-2/src/main/java
2024-07-24 16:09:29,015 [Worker-201: Import Getting Started Content] INFO  o.e.m.j.i.AbstractJavaProjectConfigurator - Adding resource folder /SpringBootProject-2/src/main/resources
2024-07-24 16:09:29,025 [Worker-201: Import Getting Started Content] INFO  o.e.m.j.i.AbstractJavaProjectConfigurator - Adding resource folder /SpringBootProject-2/src/main/resources
2024-07-24 16:09:29,034 [Worker-201: Import Getting Started Content] INFO  o.e.m.j.i.AbstractJavaProjectConfigurator - Adding source folder /SpringBootProject-2/src/test/java
2024-07-24 16:09:29,035 [Worker-201: Import Getting Started Content] INFO  o.e.m.j.i.AbstractJavaProjectConfigurator - Adding resource folder /SpringBootProject-2/src/test/resources
2024-07-24 16:09:29,958 [Worker-201: Import Getting Started Content] INFO  o.e.m.c.i.p.ProjectConfigurationManager - Imported and configured 1 project(s) in 12 sec
2024-07-24 16:09:29,960 [Worker-201: Import Getting Started Content] INFO  o.e.m.c.i.p.ProjectConfigurationManager - Update started
2024-07-24 16:09:30,528 [Worker-201: Import Getting Started Content] INFO  o.e.m.c.i.l.LifecycleMappingFactory - Using org.eclipse.m2e.jdt.JarLifecycleMapping lifecycle mapping for MavenProject: com.ihub.www:SpringBootProject-2:0.0.1-SNAPSHOT @ E:\Java Project\Springboot-workspace\SpringBootProject\SpringBootProject-2\pom.xml.
2024-07-24 16:09:31,293 [Worker-201: Import Getting Started Content] INFO  o.e.m.j.i.AbstractJavaProjectConfigurator - Adding source folder /SpringBootProject-2/src/main/java
2024-07-24 16:09:31,294 [Worker-201: Import Getting Started Content] INFO  o.e.m.j.i.AbstractJavaProjectConfigurator - Adding resource folder /SpringBootProject-2/src/main/resources
2024-07-24 16:09:31,296 [Worker-201: Import Getting Started Content] INFO  o.e.m.j.i.AbstractJavaProjectConfigurator - Adding resource folder /SpringBootProject-2/src/main/resources
2024-07-24 16:09:31,296 [Worker-201: Import Getting Started Content] INFO  o.e.m.j.i.AbstractJavaProjectConfigurator - Adding source folder /SpringBootProject-2/src/test/java
2024-07-24 16:09:31,298 [Worker-201: Import Getting Started Content] INFO  o.e.m.j.i.AbstractJavaProjectConfigurator - Adding resource folder /SpringBootProject-2/src/test/resources
2024-07-24 16:09:31,945 [Worker-201: Import Getting Started Content] INFO  o.e.m.c.i.p.ProjectConfigurationManager - Update completed for 1 poms: local refresh takes 0.00 sec, refresh facades takes 1.00 sec, update config takes 0.00 sec 
2024-07-24 16:09:34,573 [Worker-195: Building] INFO  o.a.m.s.f.DefaultMavenResourcesFiltering - Copying 1 resource from src\main\resources to target\classes
2024-07-24 16:09:34,666 [Worker-195: Building] INFO  o.a.m.s.f.DefaultMavenResourcesFiltering - Copying 0 resource from src\main\resources to target\classes
2024-07-24 16:09:34,669 [Worker-195: Building] INFO  o.a.m.s.f.DefaultMavenResourcesFiltering - skip non existing resourceDirectory E:\Java Project\Springboot-workspace\SpringBootProject\SpringBootProject-2\src\test\resources
2024-07-24 16:15:57,776 [Worker-199: Building] INFO  o.a.m.s.f.DefaultMavenResourcesFiltering - Copying 1 resource from src\main\resources to target\classes
2024-07-24 16:15:57,783 [Worker-199: Building] INFO  o.a.m.s.f.DefaultMavenResourcesFiltering - Copying 0 resource from src\main\resources to target\classes
2024-07-24 16:15:57,785 [Worker-199: Building] INFO  o.a.m.s.f.DefaultMavenResourcesFiltering - skip non existing resourceDirectory E:\Java Project\Springboot-workspace\SpringBootProject\SpringBootProject\src\test\resources
2024-07-24 16:16:27,883 [Worker-204: Building] INFO  o.a.m.s.f.DefaultMavenResourcesFiltering - Copying 1 resource from src\main\resources to target\classes
2024-07-24 16:16:27,890 [Worker-204: Building] INFO  o.a.m.s.f.DefaultMavenResourcesFiltering - Copying 0 resource from src\main\resources to target\classes
2024-07-24 16:16:27,892 [Worker-204: Building] INFO  o.a.m.s.f.DefaultMavenResourcesFiltering - skip non existing resourceDirectory E:\Java Project\Springboot-workspace\SpringBootProject\SpringBootProject\src\test\resources
2024-07-24 16:24:40,254 [Worker-8: Loading available Gradle versions] INFO  o.e.b.c.i.u.g.PublishedGradleVersions - Gradle version information cache is out-of-date. Trying to update.
2024-07-24 16:33:39,097 [Worker-3: Loading available Gradle versions] INFO  o.e.b.c.i.u.g.PublishedGradleVersions - Gradle version information cache is up-to-date. Trying to read.
2024-07-24 16:39:19,075 [Worker-7: Import Getting Started Content] ERROR o.e.m.c.i.URLConnectionCaches - Unexpected URLConnection defaultUseCaches enabled
2024-07-24 16:39:23,350 [Worker-7: Import Getting Started Content] INFO  o.e.m.c.i.l.LifecycleMappingFactory - Using org.eclipse.m2e.jdt.JarLifecycleMapping lifecycle mapping for MavenProject: com.ihub.www:SpringBootProject-3:0.0.1-SNAPSHOT @ E:\Java Project\Springboot-workspace\SpringBootProject\SpringBootProject-3\pom.xml.
2024-07-24 16:39:27,644 [Worker-7: Import Getting Started Content] ERROR o.e.m.c.i.URLConnectionCaches - Unexpected URLConnection defaultUseCaches enabled
2024-07-24 16:39:28,168 [Worker-7: Import Getting Started Content] INFO  o.e.m.j.i.AbstractJavaProjectConfigurator - Adding source folder /SpringBootProject-3/src/main/java
2024-07-24 16:39:28,172 [Worker-7: Import Getting Started Content] INFO  o.e.m.j.i.AbstractJavaProjectConfigurator - Adding resource folder /SpringBootProject-3/src/main/resources
2024-07-24 16:39:28,183 [Worker-7: Import Getting Started Content] INFO  o.e.m.j.i.AbstractJavaProjectConfigurator - Adding resource folder /SpringBootProject-3/src/main/resources
2024-07-24 16:39:28,194 [Worker-7: Import Getting Started Content] INFO  o.e.m.j.i.AbstractJavaProjectConfigurator - Adding source folder /SpringBootProject-3/src/test/java
2024-07-24 16:39:28,195 [Worker-7: Import Getting Started Content] INFO  o.e.m.j.i.AbstractJavaProjectConfigurator - Adding resource folder /SpringBootProject-3/src/test/resources
2024-07-24 16:39:28,704 [Worker-7: Import Getting Started Content] INFO  o.e.m.c.i.p.ProjectConfigurationManager - Imported and configured 1 project(s) in 9 sec
2024-07-24 16:39:28,708 [Worker-7: Import Getting Started Content] INFO  o.e.m.c.i.p.ProjectConfigurationManager - Update started
2024-07-24 16:39:28,709 [Worker-7: Import Getting Started Content] ERROR o.e.m.c.i.URLConnectionCaches - Unexpected URLConnection defaultUseCaches enabled
2024-07-24 16:39:29,418 [Worker-7: Import Getting Started Content] INFO  o.e.m.c.i.l.LifecycleMappingFactory - Using org.eclipse.m2e.jdt.JarLifecycleMapping lifecycle mapping for MavenProject: com.ihub.www:SpringBootProject-3:0.0.1-SNAPSHOT @ E:\Java Project\Springboot-workspace\SpringBootProject\SpringBootProject-3\pom.xml.
2024-07-24 16:39:30,421 [Worker-7: Import Getting Started Content] ERROR o.e.m.c.i.URLConnectionCaches - Unexpected URLConnection defaultUseCaches enabled
2024-07-24 16:39:30,457 [Worker-7: Import Getting Started Content] INFO  o.e.m.j.i.AbstractJavaProjectConfigurator - Adding source folder /SpringBootProject-3/src/main/java
2024-07-24 16:39:30,459 [Worker-7: Import Getting Started Content] INFO  o.e.m.j.i.AbstractJavaProjectConfigurator - Adding resource folder /SpringBootProject-3/src/main/resources
2024-07-24 16:39:30,460 [Worker-7: Import Getting Started Content] INFO  o.e.m.j.i.AbstractJavaProjectConfigurator - Adding resource folder /SpringBootProject-3/src/main/resources
2024-07-24 16:39:30,462 [Worker-7: Import Getting Started Content] INFO  o.e.m.j.i.AbstractJavaProjectConfigurator - Adding source folder /SpringBootProject-3/src/test/java
2024-07-24 16:39:30,463 [Worker-7: Import Getting Started Content] INFO  o.e.m.j.i.AbstractJavaProjectConfigurator - Adding resource folder /SpringBootProject-3/src/test/resources
2024-07-24 16:39:31,824 [Worker-7: Import Getting Started Content] INFO  o.e.m.c.i.p.ProjectConfigurationManager - Update completed for 1 poms: local refresh takes 0.00 sec, refresh facades takes 1.00 sec, update config takes 0.00 sec 
2024-07-24 16:39:33,824 [Worker-10: Building] ERROR o.e.m.c.i.URLConnectionCaches - Unexpected URLConnection defaultUseCaches enabled
2024-07-24 16:39:33,996 [Worker-10: Building] INFO  o.a.m.s.f.DefaultMavenResourcesFiltering - Copying 1 resource from src\main\resources to target\classes
2024-07-24 16:39:34,013 [Worker-10: Building] INFO  o.a.m.s.f.DefaultMavenResourcesFiltering - Copying 0 resource from src\main\resources to target\classes
2024-07-24 16:39:34,019 [Worker-10: Building] INFO  o.a.m.s.f.DefaultMavenResourcesFiltering - skip non existing resourceDirectory E:\Java Project\Springboot-workspace\SpringBootProject\SpringBootProject-2\src\test\resources
2024-07-24 16:39:34,869 [Worker-10: Building] ERROR o.e.m.c.i.URLConnectionCaches - Unexpected URLConnection defaultUseCaches enabled
2024-07-24 16:39:35,019 [Worker-10: Building] INFO  o.a.m.s.f.DefaultMavenResourcesFiltering - Copying 1 resource from src\main\resources to target\classes
2024-07-24 16:39:35,041 [Worker-10: Building] INFO  o.a.m.s.f.DefaultMavenResourcesFiltering - Copying 0 resource from src\main\resources to target\classes
2024-07-24 16:39:35,047 [Worker-10: Building] INFO  o.a.m.s.f.DefaultMavenResourcesFiltering - skip non existing resourceDirectory E:\Java Project\Springboot-workspace\SpringBootProject\SpringBootProject-3\src\test\resources
2024-07-27 12:04:46,135 [Worker-6: Loading available Gradle versions] INFO  o.e.b.c.i.u.g.PublishedGradleVersions - Gradle version information cache is up-to-date. Trying to read.
2024-07-27 12:06:03,070 [Worker-14: Launching SpringBootProject - SpringBootProjectApplication] INFO  o.a.m.s.f.DefaultMavenResourcesFiltering - Copying 1 resource from src\main\resources to target\classes
2024-07-27 12:06:03,191 [Worker-14: Launching SpringBootProject - SpringBootProjectApplication] INFO  o.a.m.s.f.DefaultMavenResourcesFiltering - Copying 0 resource from src\main\resources to target\classes
2024-07-27 12:06:03,909 [Worker-14: Launching SpringBootProject - SpringBootProjectApplication] INFO  o.a.m.s.f.DefaultMavenResourcesFiltering - skip non existing resourceDirectory E:\Java Project\Springboot-workspace\SpringBootProject\SpringBootProject\src\test\resources
2024-07-27 12:06:17,409 [Worker-13: Building] INFO  o.a.m.s.f.DefaultMavenResourcesFiltering - Copying 1 resource from src\main\resources to target\classes
2024-07-27 12:06:17,459 [Worker-13: Building] INFO  o.a.m.s.f.DefaultMavenResourcesFiltering - Copying 0 resource from src\main\resources to target\classes
2024-07-27 12:06:17,464 [Worker-13: Building] INFO  o.a.m.s.f.DefaultMavenResourcesFiltering - skip non existing resourceDirectory E:\Java Project\Springboot-workspace\SpringBootProject\SpringBootProject-2\src\test\resources
2024-07-27 12:06:20,061 [Worker-13: Building] INFO  o.a.m.s.f.DefaultMavenResourcesFiltering - Copying 1 resource from src\main\resources to target\classes
2024-07-27 12:06:20,088 [Worker-13: Building] INFO  o.a.m.s.f.DefaultMavenResourcesFiltering - Copying 0 resource from src\main\resources to target\classes
2024-07-27 12:06:20,094 [Worker-13: Building] INFO  o.a.m.s.f.DefaultMavenResourcesFiltering - skip non existing resourceDirectory E:\Java Project\Springboot-workspace\SpringBootProject\SpringBootProject-3\src\test\resources
2024-07-27 12:26:08,885 [Worker-4: Loading available Gradle versions] INFO  o.e.b.c.i.u.g.PublishedGradleVersions - Gradle version information cache is up-to-date. Trying to read.
2024-07-27 12:42:05,898 [Worker-13: Building] INFO  o.a.m.s.f.DefaultMavenResourcesFiltering - Copying 1 resource from src\main\resources to target\classes
2024-07-27 12:42:05,933 [Worker-13: Building] INFO  o.a.m.s.f.DefaultMavenResourcesFiltering - Copying 0 resource from src\main\resources to target\classes
2024-07-27 12:42:05,936 [Worker-13: Building] INFO  o.a.m.s.f.DefaultMavenResourcesFiltering - skip non existing resourceDirectory E:\Java Project\Springboot-workspace\SpringBootProject\SpringBootProject\src\test\resources
2024-07-27 14:06:47,465 [Worker-19: Building] INFO  o.a.m.s.f.DefaultMavenResourcesFiltering - Copying 1 resource from src\main\resources to target\classes
2024-07-27 14:06:47,484 [Worker-19: Building] INFO  o.a.m.s.f.DefaultMavenResourcesFiltering - Copying 0 resource from src\main\resources to target\classes
2024-07-27 14:06:47,488 [Worker-19: Building] INFO  o.a.m.s.f.DefaultMavenResourcesFiltering - skip non existing resourceDirectory E:\Java Project\Springboot-workspace\SpringBootProject\SpringBootProject\src\test\resources
2024-07-27 14:31:06,516 [Worker-21: Building] INFO  o.a.m.s.f.DefaultMavenResourcesFiltering - Copying 1 resource from src\main\resources to target\classes
2024-07-27 14:31:06,536 [Worker-21: Building] INFO  o.a.m.s.f.DefaultMavenResourcesFiltering - Copying 0 resource from src\main\resources to target\classes
2024-07-27 14:31:06,539 [Worker-21: Building] INFO  o.a.m.s.f.DefaultMavenResourcesFiltering - skip non existing resourceDirectory E:\Java Project\Springboot-workspace\SpringBootProject\SpringBootProject\src\test\resources
